[0723/192533:ERROR:process_reader_win.cc(232)] ReadMemory at 0x642d0000 of 64 bytes failed: 仅完成部分的 ReadProcessMemory 或 WriteProcessMemory 请求。 (0x12B)
[0723/192533:WARNING:pe_image_reader.cc(280)] could not read dos header from D:\Program Files (x86)\360\360Safe\360verify.dll
[0723/192533:ERROR:process_reader_win.cc(232)] ReadMemory at 0x66e20000 of 64 bytes failed: 仅完成部分的 ReadProcessMemory 或 WriteProcessMemory 请求。 (0x12B)
[0723/192533:WARNING:pe_image_reader.cc(280)] could not read dos header from C:\WINDOWS\SYSTEM32\dwrite.dll
[0723/192533:ERROR:process_reader_win.cc(232)] ReadMemory at 0x4fb000 of 20480 bytes failed: 仅完成部分的 ReadProcessMemory 或 WriteProcessMemory 请求。 (0x12B)
[0723/192533:ERROR:crash_report_exception_handler.cc(102)] WriteEverything failed
[0723/192533:ERROR:scoped_process_suspend.cc(38)] NtResumeProcess, ntstatus=-1073741558
[0723/201035:ERROR:process_reader_win.cc(232)] ReadMemory at 0x16fc840 of 60 bytes failed: 仅完成部分的 ReadProcessMemory 或 WriteProcessMemory 请求。 (0x12B)
[0723/201035:ERROR:crash_report_exception_handler.cc(102)] WriteEverything failed
[0723/201035:ERROR:scoped_process_suspend.cc(38)] NtResumeProcess, ntstatus=-1073741558
[0723/202031:ERROR:process_reader_win.cc(141)] SuspendThread: 拒绝访问。 (0x5)
[0723/202031:ERROR:exception_snapshot_win.cc(57)] thread ID 5512 not found in process
[0723/202031:WARNING:crash_report_exception_handler.cc(60)] ProcessSnapshotWin::InitializeException failed
[0723/202031:ERROR:scoped_process_suspend.cc(38)] NtResumeProcess, ntstatus=-1073741558
[0723/212035:ERROR:process_reader_win.cc(141)] SuspendThread: 拒绝访问。 (0x5)
[0723/212035:ERROR:exception_snapshot_win.cc(57)] thread ID 768 not found in process
[0723/212035:WARNING:crash_report_exception_handler.cc(60)] ProcessSnapshotWin::InitializeException failed
[0723/225557:ERROR:process_reader_win.cc(232)] ReadMemory at 0x8fb000 of 20480 bytes failed: 仅完成部分的 ReadProcessMemory 或 WriteProcessMemory 请求。 (0x12B)
[0723/225557:ERROR:crash_report_exception_handler.cc(102)] WriteEverything failed
[0723/225557:ERROR:scoped_process_suspend.cc(38)] NtResumeProcess, ntstatus=-1073741558
